\BOOKMARK [1][-]{Doc-Start}{Member Roles}{}% 1
\BOOKMARK [1][-]{table.caption.1}{Table of Contents}{}% 2
\BOOKMARK [1][-]{section.1}{Introduction}{}% 3
\BOOKMARK [2][-]{subsection.1.1}{Purpose}{section.1}% 4
\BOOKMARK [2][-]{subsection.1.2}{Scope}{section.1}% 5
\BOOKMARK [2][-]{subsection.1.3}{Generic Software Model}{section.1}% 6
\BOOKMARK [1][-]{section.2}{Requirement Specifications}{}% 7
\BOOKMARK [2][-]{subsection.2.1}{Functional Requirements}{section.2}% 8
\BOOKMARK [2][-]{subsection.2.2}{Non-functional Requirements}{section.2}% 9
\BOOKMARK [2][-]{subsection.2.3}{Functional Requirements Description}{section.2}% 10
\BOOKMARK [2][-]{subsection.2.4}{Non-functional Requirements Description}{section.2}% 11
\BOOKMARK [1][-]{section.3}{Design}{}% 12
\BOOKMARK [2][-]{subsection.3.1}{Use-case Diagram}{section.3}% 13
\BOOKMARK [2][-]{subsection.3.2}{Sequence Diagrams}{section.3}% 14
\BOOKMARK [2][-]{subsection.3.3}{Collaboration Diagram}{section.3}% 15
\BOOKMARK [2][-]{subsection.3.4}{Activity Diagram}{section.3}% 16
\BOOKMARK [2][-]{subsection.3.5}{Class Diagram}{section.3}% 17
\BOOKMARK [2][-]{subsection.3.6}{Component diagram}{section.3}% 18
\BOOKMARK [2][-]{subsection.3.7}{Deployment diagram}{section.3}% 19
\BOOKMARK [2][-]{subsection.3.8}{State Chart Diagram}{section.3}% 20
\BOOKMARK [2][-]{subsection.3.9}{Data flow Diagram}{section.3}% 21
\BOOKMARK [2][-]{subsection.3.10}{Architectural patterns}{section.3}% 22
\BOOKMARK [1][-]{subsection.3.10}{References}{}% 23
